 35588
 29417
 53357
 21157
 81960
 19098
 65575
 58120
 18712
 49612
 57716
 56360
 49423
 87332
 50827
 53991
 10148
 45328
 46804
 72797
 80773
 39628
 71524
 15084
 665
 71307
 9898
 83360
 10878
 57136
 57236
 28828
 86649
 17038
 96626
 50251
 85188
 69171
 12026
 27925
 75978
 2408
 96604
 58595
 50216
 12809
 25520
 65958
 81412
 9449
 41124
 51357
 23890
 73041
 25302
 66535
 68150
 63599
 39969
 91666
 26204
 77498
 85353
 93136
 13572
 9976
 45668
 85492
 23506
 47053
 79206
 54292
 73531
 75075
 359
 92510
 89607
 26
 38495
 76295
 76763
 88373
 40483
 31960
 1091
 2170
 54417
 50516
 14388
 36710
 48344
 70931
 44914
 12337
 48935
 37674
 53833
 38314
 93015
 78979
 76447
 54253
 20252
 8888
 287
 57092
 44295
 18714
 84298
 58244
 15588
 20674
 9182
 1440
 70072
 64242
 22516
 24175
 65690
 28082
 30798
 19361
 99123
 4550
 18371
 93253
 1545
 91843
 88395
 56141
 55170
 57472
 38618
 41479
 12841
 20616
 52114
 28136
 77224
 40089
 50212
 62094
 12286
 83180
 3073
 23357
 7557
 5592
 59650
 99271
 68903
 66378
 28714
 75845
 94525
 90805
 68792
 28330
 99223
 67509
 84495
 24923
 8499
 88239
 98951
 69700
 87242
 89414
 52959
 34327
 11412
 51746
 99558
 63218
 82647
 27375
 67639
 9101
 52629
 10620
 56759
 69162
 63757
 5224
 76298
 82670
 75300
 85677
 76958
 27498
 13684
 27489
 60793
 92206
 58413
 56499
 16791
 76406
 24580
 78547
 43491
 64168
 98734
 16712
 1466
 39430
 73613
 42931
 41398
 16627
 29042
 17867
 68830
 37606
 58246
 56170
 18459
 42304
 32351
 29550
 23098
 55726
 93972
 13609
 91757
 58515
 74115
 5676
 73205
 18434
 71276
 72504
 47578
 186
 87610
 17043
 5394
 94891
 99121
 14960
 73776
 86393
 35851
 27210
 85444
 42342
 40105
 29478
 19665
 9126
 69584
 36298
 29919
 56469
 86816
 93359
 90255
 38176
 9975
 73971
 63289
 51649
 99861
 18634
 93520
 11383
 59577
 7030
 20634
 90699
 13752
 1425
 2234
 13887
 73470
 9522
 8575
 18239
 55070
 23472
 2263
 95665
 14824
 96275
 4302
 18568
 55900
 31841
 3970
 61737
 80481
 30350
 16883
 71630
 28292
 69943
 33808
 10993
 45659
 59965
 92148
 4617
 3114
 3701
 83272
 59182
 10273
 53875
 24246
 74360
 75040
 38377
 90131
 59642
 81535
 71953
 43902
 70699
 88031
 29713
 86027
 23490
 7405
 11156
 80408
 7882
 30564
 11912
 39647
 81436
 57081
 6677
 7450
 63577
 84538
 7148
 62013
 54717
 68596
 63803
 6785
 13495
 92392
 55975
 51471
 14039
 62814
 36247
 24679
 6597
 75525
 38965
 81134
 94233
 29363
 58745
 5447
 23523
 38636
 45556
 24809
 36465
 20039
 37154
 38255
 67254
 56062
 7739
 71471
 23873
 66663
 29889
 24533
 52119
 14579
 15145
 10408
 79752
 88616
 36119
 74177
 50444
 19441
 23679
 40015
 87331
 62033
 98325
 69880
 14365
 12604
 71759
 97610
 87003
 22669
 50460
 19228
 83753
 14907
 29819
 75072
 11005
 18908
 25462
 44137
 10546
 76725
 26752
 73097
 14242
 97105
 74077
 13292
 22345
 32604
 74106
 60242
 78650
 80845
 84411
 73099
 28438
 21893
 70537
 14078
 64691
 53815
 46010
 10531
 51712
 21964
 26314
 26821
 39916
 16151
 85674
 14497
 62546
 7056
 35447
 65976
 81001
 19383
 42471
 41141
 30244
 87827
 51476
 60314
 41767
 25933
 56175
 85877
 70205
 76193
 88384
 19560
 63051
 48755
 71691
 6110
 18625
 56894
 82988
 78609
 65082
 61038
 41808
 92621
 83476
 58871
 11315
 64911
 44746
 95358
 16432
 43751
 1356
 17279
 33883
 57356
 62729
 57783
 12393
 56589
 7821
 90191
 61903
 70005
 19928
 88939
 60623
 59629
 22523
 36309
 27412
 87002
 87011
 44051
 62468
 80298
 1595
 54113
 97724
 28771
 85953
 44272
 75608
 559
 94842
 83863
 68489
 22380
 75652
 46030
 5253
 6540
 57641
 47589
 76152
 26929
 99624
 78505
 66053
 80974
 25156
 98664
 93231
 65954
 39948
 93867
 59896
 88635
 94684
 36590
 74901
 3768
 56265
 31549
 30390
 91848
 37150
 88274
 26692
 26237
 16435
 31067
 75994
 75616
 11147
 95030
 70233
 8680
 99003
 79977
 30425
 36363
 24799
 30712
 33789
 15550
 27018
 27515
 87995
 80692
 74480
 14384
 98750
 20377
 94917
 22927
 69003
 24606
 90595
 98913
 13892
 24997
 90923
 51502
 81810
 95967
 47681
 70470
 32787
 9909
 1630
 23847
 66075
 73499
 22918
 30134
 44290
 6098
 7163
 52575
 93532
 28606
 59421
 61124
 3492
 83572
 25734
 97076
 28612
 58389
 80003
 33841
 45204
 67142
 2747
 21760
 3916
 65596
 24527
 84883
 8709
 26534
 24893
 36499
 32432
 97747
 52095
 61726
 15633
 85602
 84333
 39958
 93383
 67944
 29055
 94499
 76459
 7051
 95630
 16236
 17110
 20741
 63736
 40572
 65529
 44389
 85878
 83536
 74539
 48612
 97072
 44976
 85030
 16133
 68175
 44739
 26745
 33749
 7249
 42288
 81710
 97841
 55657
 19454
 40324
 51234
 53622
 46498
 77694
 33051
 19809
 99956
 59144
 74299
 43852
 57349
 44683
 7174
 23586
 22282
 63308
 55662
 65308
 17972
 13643
 70606
 72209
 74377
 66776
 78567
 85577
 36709
 40564
 66756
 80700
 5917
 96833
 24108
 68364
 18083
 10390
 11760
 63404
 46901
 35078
 50394
 5206
 73896
 34810
 4364
 74547
 77779
 64196
 6366
 27048
 28934
 76281
 38247
 80160
 83024
 57159
 68856
 10525
 12580
 15739
 5663
 32448
 72384
 82143
 35271
 31910
 63551
 74756
 72245
 61648
 75559
 27584
 1295
 72512
 17552
 32451
 81629
 16288
 41639
 44798
 36844
 14092
 37963
 63709
 81946
 41719
 54028
 68958
 34737
 84317
 64432
 30636
 27382
 76774
 17845
 8314
 90774
 75887
 92920
 49584
 42831
 62705
 33971
 75074
 42748
 44478
 66893
 61779
 52379
 42775
 69326
 95589
 23725
 3043
 80312
 50278
 28005
 22247
 2100
 90677
 85993
 27378
 49210
 75067
 75708
 98977
 52889
 77213
 75993
 40254
 78843
 69655
 19042
 41546
 773
 95955
 54691
 52449
 96596
 26122
 97899
 65321
 42618
 2776
 81195
 75185
 95496
 45282
 65258
 88983
 27271
 59023
 51280
 31893
 53968
 23529
 80742
 1584
 53128
 87873
 27828
 52286
 98008
 62667
 31122
 79646
 29548
 75265
 79139
 98632
 86235
 79203
 96080
 76239
 13849
 51937
 7169
 93780
 77015
 33188
 75725
 32454
 14439
 64429
 54754
 78631
 65502
 69245
 49816
 68169
 85592
 50331
 5316
 34676
 96448
 76308
 95739
 56152
 70278
 99708
 9417
 25640
 34172
 9794
 86096
 5977
 89261
 22943
 35484
 37904
 73085
 92442
 29212
 77851
 41629
 88147
 17944
 5657
 57733
 94297
 36214
 23071
 34151
 49906
 18272
 54099
 72674
 39179
 12392
 6689
 60004
 36143
 93636
 65945
 40094
 84371
 84621
 18854
 32312
 22912
 3754
 1797
 78995
 25464
 55577
 36813
 56998
 73101
 74421
 35515
 46016
 32110
 73316
 21514
 9855
 19939
 53761
 24388
 29793
 24157
 77471
 31228
 26040
 51542
 78372
 78225
 19589
 32785
 57644
 66476
 78908
 67117
 33898
 45511
 40184
 41804
 73377
 22101
 82466
 32058
 33529
 98635
 43240
 60049
 27445
 83694
 57914
 13995
 6221
 80898
 69452
 3828
 57705
 16294
 18132
 55889
 44109
 20352
 38305
 46602
 20977
 44320
 70269
 53847
 80952
 54695
 62161
 57217
 88552
 97814
 92385
 97043
 71184
 83552
 17313
 95199
 81663
 24691
 25240
 88743
 26182
 24515
 1118
 81894
 57277
 69930
 43266
 72891
 94452
 40864
 37836
 66767
 22303
 46700
 46873
 52450
 3541
 85342
 74998
 80029
